{"name": "Проверка перехода в раздел История заказов", "status": "broken", "statusDetails": {"message": "selenium.common.exceptions.TimeoutException: Message: \nStacktrace:\n\tGetHandleVerifier [0x00007FF66F22B645+29573]\n\t(No symbol) [0x00007FF66F1A0470]\n\t(No symbol) [0x00007FF66F05B6EA]\n\t(No symbol) [0x00007FF66F0AF815]\n\t(No symbol) [0x00007FF66F0AFA6C]\n\t(No symbol) [0x00007FF66F0FB917]\n\t(No symbol) [0x00007FF66F0D733F]\n\t(No symbol) [0x00007FF66F0F86BC]\n\t(No symbol) [0x00007FF66F0D70A3]\n\t(No symbol) [0x00007FF66F0A12DF]\n\t(No symbol) [0x00007FF66F0A2441]\n\tGetHandleVerifier [0x00007FF66F55C58D+3375821]\n\tGetHandleVerifier [0x00007FF66F5A7987+3684039]\n\tGetHandleVerifier [0x00007FF66F59CDAB+3640043]\n\tGetHandleVerifier [0x00007FF66F2EB7C6+816390]\n\t(No symbol) [0x00007FF66F1AB77F]\n\t(No symbol) [0x00007FF66F1A75A4]\n\t(No symbol) [0x00007FF66F1A7740]\n\t(No symbol) [0x00007FF66F19659F]\n\tBaseThreadInitThunk [0x00007FFC005C7344+20]\n\tRtlUserThreadStart [0x00007FFC01D626B1+33]", "trace": "self = <test_user_account.TestUserAccount object at 0x00000206FA066690>, driver = <selenium.webdriver.chrome.webdriver.WebDriver (session=\"4f7ba73f3f635d4a7441bd7371727bd2\")>, login = None\n\n    @allure.title('Проверка перехода в раздел История заказов')\n    def test_redirect_to_order_history(self, driver, login):\n        user_account_page = UserAccountPage(driver)\n>       user_account_page.click_account_btn()\n\ntests\\test_user_account.py:18: \n_ _ _ _ _ _ _ _ _ _ _ _ _ _ _ _ _ _ _ _ _ _ _ _ _ _ _ _ _ _ _ _ _ _ _ _ _ _ _ _ _ _ _ _ _ _ _ _ _ _ _ _ _ _ _ _ _ _ _ _ _ _ _ _ _ _ _ _ _ _ _ _ _ _ _ _ _ _ _ _ _ _ _ _ _ _ _ _ _ _ _ _ _ _ _ _ _ _ _ _ _ _ _ _ _ _ _ _ _ _ _ _ _ _\npages\\user_account_page.py:15: in click_account_btn\n    self.find_element(UserAccountLocators.PROFILE_BTN)\npages\\base_page.py:13: in find_element\n    return WebDriverWait(self.driver, 15).until(EC.visibility_of_element_located(locator))\n_ _ _ _ _ _ _ _ _ _ _ _ _ _ _ _ _ _ _ _ _ _ _ _ _ _ _ _ _ _ _ _ _ _ _ _ _ _ _ _ _ _ _ _ _ _ _ _ _ _ _ _ _ _ _ _ _ _ _ _ _ _ _ _ _ _ _ _ _ _ _ _ _ _ _ _ _ _ _ _ _ _ _ _ _ _ _ _ _ _ _ _ _ _ _ _ _ _ _ _ _ _ _ _ _ _ _ _ _ _ _ _ _ _\n\nself = <selenium.webdriver.support.wait.WebDriverWait (session=\"4f7ba73f3f635d4a7441bd7371727bd2\")>, method = <function visibility_of_element_located.<locals>._predicate at 0x00000206FA533380>, message = ''\n\n    def until(self, method: Callable[[WebDriver], Union[Literal[False], T]], message: str = \"\") -> T:\n        \"\"\"Calls the method provided with the driver as an argument until the \\\n        return value does not evaluate to ``False``.\n    \n        :param method: callable(WebDriver)\n        :param message: optional message for :exc:`TimeoutException`\n        :returns: the result of the last call to `method`\n        :raises: :exc:`selenium.common.exceptions.TimeoutException` if timeout occurs\n        \"\"\"\n        screen = None\n        stacktrace = None\n    \n        end_time = time.monotonic() + self._timeout\n        while True:\n            try:\n                value = method(self._driver)\n                if value:\n                    return value\n            except self._ignored_exceptions as exc:\n                screen = getattr(exc, \"screen\", None)\n                stacktrace = getattr(exc, \"stacktrace\", None)\n            time.sleep(self._poll)\n            if time.monotonic() > end_time:\n                break\n>       raise TimeoutException(message, screen, stacktrace)\nE       selenium.common.exceptions.TimeoutException: Message: \nE       Stacktrace:\nE       \tGetHandleVerifier [0x00007FF66F22B645+29573]\nE       \t(No symbol) [0x00007FF66F1A0470]\nE       \t(No symbol) [0x00007FF66F05B6EA]\nE       \t(No symbol) [0x00007FF66F0AF815]\nE       \t(No symbol) [0x00007FF66F0AFA6C]\nE       \t(No symbol) [0x00007FF66F0FB917]\nE       \t(No symbol) [0x00007FF66F0D733F]\nE       \t(No symbol) [0x00007FF66F0F86BC]\nE       \t(No symbol) [0x00007FF66F0D70A3]\nE       \t(No symbol) [0x00007FF66F0A12DF]\nE       \t(No symbol) [0x00007FF66F0A2441]\nE       \tGetHandleVerifier [0x00007FF66F55C58D+3375821]\nE       \tGetHandleVerifier [0x00007FF66F5A7987+3684039]\nE       \tGetHandleVerifier [0x00007FF66F59CDAB+3640043]\nE       \tGetHandleVerifier [0x00007FF66F2EB7C6+816390]\nE       \t(No symbol) [0x00007FF66F1AB77F]\nE       \t(No symbol) [0x00007FF66F1A75A4]\nE       \t(No symbol) [0x00007FF66F1A7740]\nE       \t(No symbol) [0x00007FF66F19659F]\nE       \tBaseThreadInitThunk [0x00007FFC005C7344+20]\nE       \tRtlUserThreadStart [0x00007FFC01D626B1+33]\n\n.venv\\Lib\\site-packages\\selenium\\webdriver\\support\\wait.py:101: TimeoutException"}, "steps": [{"name": "Клик по кнопке Личный кабинет", "status": "broken", "statusDetails": {"message": "selenium.common.exceptions.TimeoutException: Message: \nStacktrace:\n\tGetHandleVerifier [0x00007FF66F22B645+29573]\n\t(No symbol) [0x00007FF66F1A0470]\n\t(No symbol) [0x00007FF66F05B6EA]\n\t(No symbol) [0x00007FF66F0AF815]\n\t(No symbol) [0x00007FF66F0AFA6C]\n\t(No symbol) [0x00007FF66F0FB917]\n\t(No symbol) [0x00007FF66F0D733F]\n\t(No symbol) [0x00007FF66F0F86BC]\n\t(No symbol) [0x00007FF66F0D70A3]\n\t(No symbol) [0x00007FF66F0A12DF]\n\t(No symbol) [0x00007FF66F0A2441]\n\tGetHandleVerifier [0x00007FF66F55C58D+3375821]\n\tGetHandleVerifier [0x00007FF66F5A7987+3684039]\n\tGetHandleVerifier [0x00007FF66F59CDAB+3640043]\n\tGetHandleVerifier [0x00007FF66F2EB7C6+816390]\n\t(No symbol) [0x00007FF66F1AB77F]\n\t(No symbol) [0x00007FF66F1A75A4]\n\t(No symbol) [0x00007FF66F1A7740]\n\t(No symbol) [0x00007FF66F19659F]\n\tBaseThreadInitThunk [0x00007FFC005C7344+20]\n\tRtlUserThreadStart [0x00007FFC01D626B1+33]\n\n", "trace": "  File \"C:\\Users\\Евгений\\PycharmProjects\\Diplom\\Diplom_3-develop3\\.venv\\Lib\\site-packages\\allure_commons\\_allure.py\", line 192, in impl\n    return func(*a, **kw)\n           ^^^^^^^^^^^^^^\n  File \"C:\\Users\\Евгений\\PycharmProjects\\Diplom\\Diplom_3-develop3\\pages\\user_account_page.py\", line 15, in click_account_btn\n    self.find_element(UserAccountLocators.PROFILE_BTN)\n  File \"C:\\Users\\Евгений\\PycharmProjects\\Diplom\\Diplom_3-develop3\\.venv\\Lib\\site-packages\\allure_commons\\_allure.py\", line 192, in impl\n    return func(*a, **kw)\n           ^^^^^^^^^^^^^^\n  File \"C:\\Users\\Евгений\\PycharmProjects\\Diplom\\Diplom_3-develop3\\pages\\base_page.py\", line 13, in find_element\n    return WebDriverWait(self.driver, 15).until(EC.visibility_of_element_located(locator))\n           ^^^^^^^^^^^^^^^^^^^^^^^^^^^^^^^^^^^^^^^^^^^^^^^^^^^^^^^^^^^^^^^^^^^^^^^^^^^^^^^\n  File \"C:\\Users\\Евгений\\PycharmProjects\\Diplom\\Diplom_3-develop3\\.venv\\Lib\\site-packages\\selenium\\webdriver\\support\\wait.py\", line 101, in until\n    raise TimeoutException(message, screen, stacktrace)\n"}, "steps": [{"name": "Перемещение до элемента и клик по нему", "status": "passed", "parameters": [{"name": "locator", "value": "('xpath', '//*[@href=\"/account\"]')"}], "start": 1727886392072, "stop": 1727886392629}, {"name": "Поиск элемента", "status": "broken", "statusDetails": {"message": "selenium.common.exceptions.TimeoutException: Message: \nStacktrace:\n\tGetHandleVerifier [0x00007FF66F22B645+29573]\n\t(No symbol) [0x00007FF66F1A0470]\n\t(No symbol) [0x00007FF66F05B6EA]\n\t(No symbol) [0x00007FF66F0AF815]\n\t(No symbol) [0x00007FF66F0AFA6C]\n\t(No symbol) [0x00007FF66F0FB917]\n\t(No symbol) [0x00007FF66F0D733F]\n\t(No symbol) [0x00007FF66F0F86BC]\n\t(No symbol) [0x00007FF66F0D70A3]\n\t(No symbol) [0x00007FF66F0A12DF]\n\t(No symbol) [0x00007FF66F0A2441]\n\tGetHandleVerifier [0x00007FF66F55C58D+3375821]\n\tGetHandleVerifier [0x00007FF66F5A7987+3684039]\n\tGetHandleVerifier [0x00007FF66F59CDAB+3640043]\n\tGetHandleVerifier [0x00007FF66F2EB7C6+816390]\n\t(No symbol) [0x00007FF66F1AB77F]\n\t(No symbol) [0x00007FF66F1A75A4]\n\t(No symbol) [0x00007FF66F1A7740]\n\t(No symbol) [0x00007FF66F19659F]\n\tBaseThreadInitThunk [0x00007FFC005C7344+20]\n\tRtlUserThreadStart [0x00007FFC01D626B1+33]\n\n", "trace": "  File \"C:\\Users\\Евгений\\PycharmProjects\\Diplom\\Diplom_3-develop3\\.venv\\Lib\\site-packages\\allure_commons\\_allure.py\", line 192, in impl\n    return func(*a, **kw)\n           ^^^^^^^^^^^^^^\n  File \"C:\\Users\\Евгений\\PycharmProjects\\Diplom\\Diplom_3-develop3\\pages\\base_page.py\", line 13, in find_element\n    return WebDriverWait(self.driver, 15).until(EC.visibility_of_element_located(locator))\n           ^^^^^^^^^^^^^^^^^^^^^^^^^^^^^^^^^^^^^^^^^^^^^^^^^^^^^^^^^^^^^^^^^^^^^^^^^^^^^^^\n  File \"C:\\Users\\Евгений\\PycharmProjects\\Diplom\\Diplom_3-develop3\\.venv\\Lib\\site-packages\\selenium\\webdriver\\support\\wait.py\", line 101, in until\n    raise TimeoutException(message, screen, stacktrace)\n"}, "parameters": [{"name": "locator", "value": "('xpath', '//*[@href=\"/account/profile\"]')"}], "start": 1727886392629, "stop": 1727886408123}], "start": 1727886392072, "stop": 1727886408123}], "parameters": [{"name": "driver", "value": "'chrome'"}], "start": 1727886392071, "stop": 1727886408124, "uuid": "aabeabd3-3174-4e69-8a05-700f278b0459", "historyId": "b1a3262dfc3ab317abeaf10ae3ae061d", "testCaseId": "a894cf7308e07d8715b62a9fa4661e1b", "fullName": "tests.test_user_account.TestUserAccount#test_redirect_to_order_history", "labels": [{"name": "parentSuite", "value": "tests"}, {"name": "suite", "value": "test_user_account"}, {"name": "subSuite", "value": "TestUserAccount"}, {"name": "host", "value": "DESKTOP-E2MLG10"}, {"name": "thread", "value": "1900-MainThread"}, {"name": "framework", "value": "pytest"}, {"name": "language", "value": "cpython3"}, {"name": "package", "value": "tests.test_user_account"}]}